#
# There is insufficient memory for the Java Runtime Environment to continue.
# Native memory allocation (mmap) failed to map 264241152 bytes. Error detail: G1 virtual space
# Possible reasons:
#   The system is out of physical RAM or swap space
#   This process is running with CompressedOops enabled, and the Java Heap may be blocking the growth of the native heap
# Possible solutions:
#   Reduce memory load on the system
#   Increase physical memory or swap space
#   Check if swap backing store is full
#   Decrease Java heap size (-Xmx/-Xms)
#   Decrease number of Java threads
#   Decrease Java thread stack sizes (-Xss)
#   Set larger code cache with -XX:ReservedCodeCacheSize=
#   JVM is running with Zero Based Compressed Oops mode in which the Java heap is
#     placed in the first 32GB address space. The Java Heap base address is the
#     maximum limit for the native heap growth. Please use -XX:HeapBaseMinAddress
#     to set the Java Heap base and to place the Java Heap above 32GB virtual address.
# This output file may be truncated or incomplete.
#
#  Out of Memory Error (os_windows.cpp:3616), pid=30828, tid=31052
#
# JRE version:  (21.0.4+7) (build )
# Java VM: OpenJDK 64-Bit Server VM (21.0.4+7-LTS, mixed mode, emulated-client, sharing, tiered, compressed oops, compressed class ptrs, g1 gc, windows-amd64)
# No core dump will be written. Minidumps are not enabled by default on client versions of Windows
#

---------------  S U M M A R Y ------------

Command Line: -XX:TieredStopAtLevel=1 -Dspring.output.ansi.enabled=always -Dcom.sun.management.jmxremote -Dspring.jmx.enabled=true -Dspring.liveBeansView.mbeanDomain -Dspring.application.admin.enabled=true -Dmanagement.endpoints.jmx.exposure.include=* -javaagent:C:\Program Files\JetBrains\IntelliJ IDEA 2023.3.6\lib\idea_rt.jar=56635:C:\Program Files\JetBrains\IntelliJ IDEA 2023.3.6\bin -Dfile.encoding=UTF-8 -Dsun.stdout.encoding=UTF-8 -Dsun.stderr.encoding=UTF-8 dev.jagan.productservicewithtesting.ProductServiceWithTestingApplication

Host: 12th Gen Intel(R) Core(TM) i5-1235U, 12 cores, 15G,  Windows 11 , 64 bit Build 22621 (10.0.22621.3958)
Time: Sat Sep 14 00:22:36 2024 India Standard Time elapsed time: 0.014355 seconds (0d 0h 0m 0s)

---------------  T H R E A D  ---------------

Current thread (0x00000257a4293410):  JavaThread "Unknown thread" [_thread_in_vm, id=31052, stack(0x000000a056d00000,0x000000a056e00000) (1024K)]

Stack: [0x000000a056d00000,0x000000a056e00000]
Native frames: (J=compiled Java code, j=interpreted, Vv=VM code, C=native code)
V  [jvm.dll+0x6d83d9]
V  [jvm.dll+0x8b39f3]
V  [jvm.dll+0x8b5d4e]
V  [jvm.dll+0x8b6433]
V  [jvm.dll+0x285816]
V  [jvm.dll+0x6d4b65]
V  [jvm.dll+0x6c929a]
V  [jvm.dll+0x35e2fb]
V  [jvm.dll+0x365ea6]
V  [jvm.dll+0x3b7e76]
V  [jvm.dll+0x3b8148]
V  [jvm.dll+0x331a3c]
V  [jvm.dll+0x33272b]
V  [jvm.dll+0x87bce9]
V  [jvm.dll+0x3c4f91]
V  [jvm.dll+0x865093]
V  [jvm.dll+0x45916e]
V  [jvm.dll+0x45adf1]
C  [jli.dll+0x52ab]
C  [ucrtbase.dll+0x29333]
C  [KERNEL32.DLL+0x1257d]
C  [ntdll.dll+0x5af28]


---------------  P R O C E S S  ---------------

Threads class SMR info:
_java_thread_list=0x00007ffd9ed02048, length=0, elements={
}

Java Threads: ( => current thread )
Total: 0

Other Threads:
  0x00000257a651ca60 WorkerThread "GC Thread#0"                     [id=29860, stack(0x000000a056e00000,0x000000a056f00000) (1024K)]
  0x00000257a652d730 ConcurrentGCThread "G1 Main Marker"            [id=24032, stack(0x000000a056f00000,0x000000a057000000) (1024K)]
  0x00000257a652e230 WorkerThread "G1 Conc#0"                       [id=16104, stack(0x000000a057000000,0x000000a057100000) (1024K)]

[error occurred during error reporting (printing all threads), id 0xc0000005, EXCEPTION_ACCESS_VIOLATION (0xc0000005) at pc=0x00007ffd9e404af7]
VM state: not at safepoint (not fully initialized)

VM Mutex/Monitor currently owned by a thread:  ([mutex/lock_event])
[0x00007ffd9ed763a8] Heap_lock - owner thread: 0x00000257a4293410

Heap address: 0x0000000704c00000, size: 4020 MB, Compressed Oops mode: Zero based, Oop shift amount: 3

CDS archive(s) mapped at: [0x0000000000000000-0x0000000000000000-0x0000000000000000), size 0, SharedBaseAddress: 0x0000000800000000, ArchiveRelocationMode: 1.
Narrow klass base: 0x0000000000000000, Narrow klass shift: 0, Narrow klass range: 0x0

GC Precious Log:
 CardTable entry size: 512
 Card Set container configuration: InlinePtr #cards 4 size 8 Array Of Cards #cards 16 size 48 Howl #buckets 8 coarsen threshold 3686 Howl Bitmap #cards 512 size 80 coarsen threshold 460 Card regions per heap region 1 cards per card region 4096

Heap:
 garbage-first heap   total 0K, used 0K [0x0000000704c00000, 0x0000000800000000)
  region size 2048K, 0 young (0K), 0 survivors (0K)

[error occurred during error reporting (printing heap information), id 0xc0000005, EXCEPTION_ACCESS_VIOLATION (0xc0000005) at pc=0x00007ffd9e7f1cf9]
GC Heap History (0 events):
No events

Dll operation events (1 events):
Event: 0.008 Loaded shared library C:\Users\JAGAN BASKAR\.jdks\corretto-21.0.4\bin\java.dll

Deoptimization events (0 events):
No events

Classes loaded (0 events):
No events

Classes unloaded (0 events):
No events

Classes redefined (0 events):
No events

Internal exceptions (0 events):
No events

ZGC Phase Switch (0 events):
No events

VM Operations (0 events):
No events

Memory protections (0 events):
No events

Nmethod flushes (0 events):
No events

Events (0 events):
No events


Dynamic libraries:
0x00007ff6c52c0000 - 0x00007ff6c52ce000 	C:\Users\JAGAN BASKAR\.jdks\corretto-21.0.4\bin\java.exe
0x00007ffe27e30000 - 0x00007ffe28047000 	C:\WINDOWS\SYSTEM32\ntdll.dll
0x00007ffe273a0000 - 0x00007ffe27464000 	C:\WINDOWS\System32\KERNEL32.DLL
0x00007ffe25670000 - 0x00007ffe25a1d000 	C:\WINDOWS\System32\KERNELBASE.dll
0x00007ffe25550000 - 0x00007ffe25661000 	C:\WINDOWS\System32\ucrtbase.dll
0x00007ffdfa810000 - 0x00007ffdfa828000 	C:\Users\JAGAN BASKAR\.jdks\corretto-21.0.4\bin\jli.dll
0x00007ffe05c60000 - 0x00007ffe05c7b000 	C:\Users\JAGAN BASKAR\.jdks\corretto-21.0.4\bin\VCRUNTIME140.dll
0x00007ffe266f0000 - 0x00007ffe2689e000 	C:\WINDOWS\System32\USER32.dll
0x00007ffe09660000 - 0x00007ffe098f3000 	C:\WINDOWS\WinSxS\amd64_microsoft.windows.common-controls_6595b64144ccf1df_6.0.22621.3672_none_2713b9d173822955\COMCTL32.dll
0x00007ffe251c0000 - 0x00007ffe251e6000 	C:\WINDOWS\System32\win32u.dll
0x00007ffe261c0000 - 0x00007ffe26267000 	C:\WINDOWS\System32\msvcrt.dll
0x00007ffe266b0000 - 0x00007ffe266d9000 	C:\WINDOWS\System32\GDI32.dll
0x00007ffe251f0000 - 0x00007ffe25309000 	C:\WINDOWS\System32\gdi32full.dll
0x00007ffe25340000 - 0x00007ffe253da000 	C:\WINDOWS\System32\msvcp_win.dll
0x00007ffe264b0000 - 0x00007ffe264e1000 	C:\WINDOWS\System32\IMM32.DLL
0x00007ffe0af50000 - 0x00007ffe0af5c000 	C:\Users\JAGAN BASKAR\.jdks\corretto-21.0.4\bin\vcruntime140_1.dll
0x00007ffdc7890000 - 0x00007ffdc791d000 	C:\Users\JAGAN BASKAR\.jdks\corretto-21.0.4\bin\msvcp140.dll
0x00007ffd9e0c0000 - 0x00007ffd9ee56000 	C:\Users\JAGAN BASKAR\.jdks\corretto-21.0.4\bin\server\jvm.dll
0x00007ffe25b60000 - 0x00007ffe25c12000 	C:\WINDOWS\System32\ADVAPI32.dll
0x00007ffe27190000 - 0x00007ffe27239000 	C:\WINDOWS\System32\sechost.dll
0x00007ffe25310000 - 0x00007ffe25338000 	C:\WINDOWS\System32\bcrypt.dll
0x00007ffe260a0000 - 0x00007ffe261b4000 	C:\WINDOWS\System32\RPCRT4.dll
0x00007ffe27110000 - 0x00007ffe27181000 	C:\WINDOWS\System32\WS2_32.dll
0x00007ffe24e70000 - 0x00007ffe24ebd000 	C:\WINDOWS\SYSTEM32\POWRPROF.dll
0x00007ffe1c350000 - 0x00007ffe1c384000 	C:\WINDOWS\SYSTEM32\WINMM.dll
0x00007ffe1b340000 - 0x00007ffe1b34a000 	C:\WINDOWS\SYSTEM32\VERSION.dll
0x00007ffe24e50000 - 0x00007ffe24e63000 	C:\WINDOWS\SYSTEM32\UMPDC.dll
0x00007ffe24180000 - 0x00007ffe24198000 	C:\WINDOWS\SYSTEM32\kernel.appcore.dll
0x00007ffe0a440000 - 0x00007ffe0a44a000 	C:\Users\JAGAN BASKAR\.jdks\corretto-21.0.4\bin\jimage.dll
0x00007ffe225e0000 - 0x00007ffe22812000 	C:\WINDOWS\SYSTEM32\DBGHELP.DLL
0x00007ffe25d10000 - 0x00007ffe2609e000 	C:\WINDOWS\System32\combase.dll
0x00007ffe27be0000 - 0x00007ffe27cb7000 	C:\WINDOWS\System32\OLEAUT32.dll
0x00007ffe045b0000 - 0x00007ffe045e2000 	C:\WINDOWS\SYSTEM32\dbgcore.DLL
0x00007ffe25a20000 - 0x00007ffe25a9b000 	C:\WINDOWS\System32\bcryptPrimitives.dll
0x00007ffe1e390000 - 0x00007ffe1e39e000 	C:\Users\JAGAN BASKAR\.jdks\corretto-21.0.4\bin\instrument.dll
0x00007ffdf91b0000 - 0x00007ffdf91cf000 	C:\Users\JAGAN BASKAR\.jdks\corretto-21.0.4\bin\java.dll

dbghelp: loaded successfully - version: 4.0.5 - missing functions: none
symbol engine: initialized successfully - sym options: 0x614 - pdb path: .;C:\Users\JAGAN BASKAR\.jdks\corretto-21.0.4\bin;C:\WINDOWS\SYSTEM32;C:\WINDOWS\WinSxS\amd64_microsoft.windows.common-controls_6595b64144ccf1df_6.0.22621.3672_none_2713b9d173822955;C:\Users\JAGAN BASKAR\.jdks\corretto-21.0.4\bin\server

VM Arguments:
jvm_args: -XX:TieredStopAtLevel=1 -Dspring.output.ansi.enabled=always -Dcom.sun.management.jmxremote -Dspring.jmx.enabled=true -Dspring.liveBeansView.mbeanDomain -Dspring.application.admin.enabled=true -Dmanagement.endpoints.jmx.exposure.include=* -javaagent:C:\Program Files\JetBrains\IntelliJ IDEA 2023.3.6\lib\idea_rt.jar=56635:C:\Program Files\JetBrains\IntelliJ IDEA 2023.3.6\bin -Dfile.encoding=UTF-8 -Dsun.stdout.encoding=UTF-8 -Dsun.stderr.encoding=UTF-8 
java_command: dev.jagan.productservicewithtesting.ProductServiceWithTestingApplication
java_class_path (initial): D:\scaler projects\productServiceWithTesting\target\classes;C:\Users\JAGAN BASKAR\.m2\repository\org\springframework\boot\spring-boot-starter-data-jpa\3.3.3\spring-boot-starter-data-jpa-3.3.3.jar;C:\Users\JAGAN BASKAR\.m2\repository\org\springframework\boot\spring-boot-starter-aop\3.3.3\spring-boot-starter-aop-3.3.3.jar;C:\Users\JAGAN BASKAR\.m2\repository\org\springframework\spring-aop\6.1.12\spring-aop-6.1.12.jar;C:\Users\JAGAN BASKAR\.m2\repository\org\aspectj\aspectjweaver\1.9.22.1\aspectjweaver-1.9.22.1.jar;C:\Users\JAGAN BASKAR\.m2\repository\org\springframework\boot\spring-boot-starter-jdbc\3.3.3\spring-boot-starter-jdbc-3.3.3.jar;C:\Users\JAGAN BASKAR\.m2\repository\com\zaxxer\HikariCP\5.1.0\HikariCP-5.1.0.jar;C:\Users\JAGAN BASKAR\.m2\repository\org\springframework\spring-jdbc\6.1.12\spring-jdbc-6.1.12.jar;C:\Users\JAGAN BASKAR\.m2\repository\org\hibernate\orm\hibernate-core\6.5.2.Final\hibernate-core-6.5.2.Final.jar;C:\Users\JAGAN BASKAR\.m2\repository\jakarta\persistence\jakarta.persistence-api\3.1.0\jakarta.persistence-api-3.1.0.jar;C:\Users\JAGAN BASKAR\.m2\repository\jakarta\transaction\jakarta.transaction-api\2.0.1\jakarta.transaction-api-2.0.1.jar;C:\Users\JAGAN BASKAR\.m2\repository\org\jboss\logging\jboss-logging\3.5.3.Final\jboss-logging-3.5.3.Final.jar;C:\Users\JAGAN BASKAR\.m2\repository\org\hibernate\common\hibernate-commons-annotations\6.0.6.Final\hibernate-commons-annotations-6.0.6.Final.jar;C:\Users\JAGAN BASKAR\.m2\repository\io\smallrye\jandex\3.1.2\jandex-3.1.2.jar;C:\Users\JAGAN BASKAR\.m2\repository\com\fasterxml\classmate\1.7.0\classmate-1.7.0.jar;C:\Users\JAGAN BASKAR\.m2\repository\net\bytebuddy\byte-buddy\1.14.19\byte-buddy-1.14.19.jar;C:\Users\JAGAN BASKAR\.m2\repository\org\glassfish\jaxb\jaxb-runtime\4.0.5\jaxb-runtime-4.0.5.jar;C:\Users\JAGAN BASKAR\.m2\repository\org\glassfish\jaxb\jaxb-core\4.0.5\jaxb-core-4.0.5.jar;C:\Users\JAGAN BASKAR\.m2\repository\org\eclipse\angus\angus-activation\2.0.2\angus-activation-2.0.2.jar;C:\Users\JAGAN BASKAR\.m2\repository\org\glassfish\jaxb\txw2\4.0.5\txw2-4.0.5.jar;C:\Users\JAGAN BASKAR\.m2\repository\com\sun\istack\istack-commons-runtime\4.1.2\istack-commons-runtime-4.1.2.jar;C:\Users\JAGAN BASKAR\.m2\repository\jakarta\inject\jakarta.inject-api\2.0.1\jakarta.inject-api-2.0.1.jar;C:\Users\JAGAN BASKAR\.m2\repository\org\antlr\antlr4-runtime\4.13.0\antlr4-runtime-4.13.0.jar;C:\Users\JAGAN BASKAR\.m2\repository\org\springframework\data\spring-data-jpa\3.3.3\spring-data-jpa-3.3.3.jar;C:\Users\JAGAN BASKAR\.m2\repository\org\springframework\data\spring-data-commons\3.3.3\spring-data-commons-3.3.3.jar;C:\Users\JAGAN BASKAR\.m2\repository\org\springframework\spring-orm\6.1.12\spring-orm-6.1.12.jar;C:\Users\JAGAN BASKAR\.m2\repository\org\springframework\spring-context\6.1.12\spring-context-6.1.12.jar;C:\Users\JAGAN BASKAR\.m2\repository\org\springframework\spring-tx\6.1.12\spring-tx-6.1.12.jar;C:\Users\JAGAN BASKAR\.m2\repository\org\springframework\spring-beans\6.1.12\spring-beans-6.1.12.jar;C:\Users\JAGAN BASKAR\.m2\repository\jakarta\annotation\jakarta.annotation-api\2.1.1\jakarta.annotation-api-2.1.1.jar;C:\Users\JAGAN BASKAR\.m2\repository\org\slf4j\slf4j-api\2.0.16\slf4j-api-2.0.16.jar;C:\Users\JAGAN BASKAR\.m2\repository\org\springframework\spring-aspects\6.1.12\spring-aspects-6.1.12.jar;C:\Users\JAGAN BASKAR\.m2\repository\org\springframework\boot\spring-boot-starter-web\3.3.3\spring-boot-starter-web-3.3.3.jar;C:\Users\JAGAN BASKAR\.m2\repository\org\springframework\boot\spring-boot-starter\3.3.3\spring-boot-starter-3.3.3.jar;C:\Users\JAGAN BASKAR\.m2\repository\org\springframework\boot\spring-boot-starter-logging\3.3.3\spring-boot-starter-logging-3.3.3.jar;C:\Users\JAGAN BASKAR\.m2\repository\ch\qos\logback\logback-classic\1.5.7\logback-classic-1.5.7.jar;C:\Users\JAGAN BASKAR\.m2\repository\ch\qos\logback\logback-core\1.5.7\logback-core-1.5.7.jar;C:\Users\JAGAN BASKAR\.m2\repository\org\apache\logging\log4j\log4j-to-slf4j\2.23.1\log4j-to-slf4j-2.23.1.jar;C:\Users\JAGAN BASKAR\.m2\repository\org\apache\logging\log4j\log4j-api\2.23.1\log4j-api-2.23.1.jar;C:\Users\JAGAN BASKAR\.m2\repository\org\slf4j\jul-to-slf4j\2.0.16\jul-to-slf4j-2.0.16.jar;C:\Users\JAGAN BASKAR\.m2\repository\org\yaml\snakeyaml\2.2\snakeyaml-2.2.jar;C:\Users\JAGAN BASKAR\.m2\repository\org\springframework\boot\spring-boot-starter-json\3.3.3\spring-boot-starter-json-3.3.3.jar;C:\Users\JAGAN BASKAR\.m2\repository\com\fasterxml\jackson\core\jackson-databind\2.17.2\jackson-databind-2.17.2.jar;C:\Users\JAGAN BASKAR\.m2\repository\com\fasterxml\jackson\datatype\jackson-datatype-jdk8\2.17.2\jackson-datatype-jdk8-2.17.2.jar;C:\Users\JAGAN BASKAR\.m2\repository\com\fasterxml\jackson\datatype\jackson-datatype-jsr310\2.17.2\jackson-datatype-jsr310-2.17.2.jar;C:\Users\JAGAN BASKAR\.m2\repository\com\fasterxml\jackson\module\jackson-module-parameter-names\2.17.2\jackson-module-parameter-names-2.17.2.jar;C:\Users\JAGAN BASKAR\.m2\repository\org\springframework\boot\spring-boot-starter-tomcat\3.3.3\spring-boot-starter-tomcat-3.3.3.jar;C:\Users\JAGAN BASKAR\.m2\repository\org\apache\tomcat\embed\tomcat-embed-core\10.1.28\tomcat-embed-core-10.1.28.jar;C:\Users\JAGAN BASKAR\.m2\repository\org\apache\tomcat\embed\tomcat-embed-el\10.1.28\tomcat-embed-el-10.1.28.jar;C:\Users\JAGAN BASKAR\.m2\repository\org\apache\tomcat\embed\tomcat-embed-websocket\10.1.28\tomcat-embed-websocket-10.1.28.jar;C:\Users\JAGAN BASKAR\.m2\repository\org\springframework\spring-web\6.1.12\spring-web-6.1.12.jar;C:\Users\JAGAN BASKAR\.m2\repository\org\springframework\spring-webmvc\6.1.12\spring-webmvc-6.1.12.jar;C:\Users\JAGAN BASKAR\.m2\repository\org\springframework\spring-expression\6.1.12\spring-expression-6.1.12.jar;C:\Users\JAGAN BASKAR\.m2\repository\org\springframework\boot\spring-boot-devtools\3.3.3\spring-boot-devtools-3.3.3.jar;C:\Users\JAGAN BASKAR\.m2\repository\org\springframework\boot\spring-boot\3.3.3\spring-boot-3.3.3.jar;C:\Users\JAGAN BASKAR\.m2\repository\org\springframework\boot\spring-boot-autoconfigure\3.3.3\spring-boot-autoconfigure-3.3.3.jar;C:\Users\JAGAN BASKAR\.m2\repository\com\mysql\mysql-connector-j\8.3.0\mysql-connector-j-8.3.0.jar;C:\Users\JAGAN BASKAR\.m2\repository\org\springframework\boot\spring-boot-configuration-processor\3.3.3\spring-boot-configuration-processor-3.3.3.jar;C:\Users\JAGAN BASKAR\.m2\repository\org\projectlombok\lombok\1.18.34\lombok-1.18.34.jar;C:\Users\JAGAN BASKAR\.m2\repository\org\springframework\boot\spring-boot-starter-actuator\3.3.3\spring-boot-starter-actuator-3.3.3.jar;C:\Users\JAGAN BASKAR\.m2\repository\org\springframework\boot\spring-boot-actuator-autoconfigure\3.3.3\spring-boot-actuator-autoconfigure-3.3.3.jar;C:\Users\JAGAN BASKAR\.m2\repository\org\springframework\boot\spring-boot-actuator\3.3.3\spring-boot-actuator-3.3.3.jar;C:\Users\JAGAN BASKAR\.m2\repository\io\micrometer\micrometer-observation\1.13.3\micrometer-observation-1.13.3.jar;C:\Users\JAGAN BASKAR\.m2\repository\io\micrometer\micrometer-commons\1.13.3\micrometer-commons-1.13.3.jar;C:\Users\JAGAN BASKAR\.m2\repository\io\micrometer\micrometer-jakarta9\1.13.3\micrometer-jakarta9-1.13.3.jar;C:\Users\JAGAN BASKAR\.m2\repository\io\micrometer\micrometer-core\1.13.3\micrometer-core-1.13.3.jar;C:\Users\JAGAN BASKAR\.m2\repository\org\hdrhistogram\HdrHistogram\2.2.2\HdrHistogram-2.2.2.jar;C:\Users\JAGAN BASKAR\.m2\repository\org\latencyutils\LatencyUtils\2.0.3\LatencyUtils-2.0.3.jar;C:\Users\JAGAN BASKAR\.m2\repository\jakarta\xml\bind\jakarta.xml.bind-api\4.0.2\jakarta.xml.bind-api-4.0.2.jar;C:\Users\JAGAN BASKAR\.m2\repository\jakarta\activation\jakarta.activation-api\2.1.3\jakarta.activation-api-2.1.3.jar;C:\Users\JAGAN BASKAR\.m2\repository\org\springframework\spring-core\6.1.12\spring-core-6.1.12.jar;C:\Users\JAGAN BASKAR\.m2\repository\org\springframework\spring-jcl\6.1.12\spring-jcl-6.1.12.jar;C:\Users\JAGAN BASKAR\.m2\repository\org\springframework\cloud\spring-cloud-starter-netflix-eureka-client\4.1.3\spring-cloud-starter-netflix-eureka-client-4.1.3.jar;C:\Users\JAGAN BASKAR\.m2\repository\org\springframework\cloud\spring-cloud-starter\4.1.4\spring-cloud-starter-4.1.4.jar;C:\Users\JAGAN BASKAR\.m2\repository\org\springframework\cloud\spring-cloud-context\4.1.4\spring-cloud-context-4.1.4.jar;C:\Users\JAGAN BASKAR\.m2\repository\org\springframework\security\spring-security-crypto\6.3.3\spring-security-crypto-6.3.3.jar;C:\Users\JAGAN BASKAR\.m2\repository\org\springframework\cloud\spring-cloud-commons\4.1.4\spring-cloud-commons-4.1.4.jar;C:\Users\JAGAN BASKAR\.m2\repository\org\springframework\security\spring-security-rsa\1.1.3\spring-security-rsa-1.1.3.jar;C:\Users\JAGAN BASKAR\.m2\repository\org\bouncycastle\bcprov-jdk18on\1.78\bcprov-jdk18on-1.78.jar;C:\Users\JAGAN BASKAR\.m2\repository\org\springframework\cloud\spring-cloud-netflix-eureka-client\4.1.3\spring-cloud-netflix-eureka-client-4.1.3.jar;C:\Users\JAGAN BASKAR\.m2\repository\org\apache\httpcomponents\client5\httpclient5\5.3.1\httpclient5-5.3.1.jar;C:\Users\JAGAN BASKAR\.m2\repository\org\apache\httpcomponents\core5\httpcore5\5.2.5\httpcore5-5.2.5.jar;C:\Users\JAGAN BASKAR\.m2\repository\org\apache\httpcomponents\core5\httpcore5-h2\5.2.5\httpcore5-h2-5.2.5.jar;C:\Users\JAGAN BASKAR\.m2\repository\com\netflix\eureka\eureka-client\2.0.3\eureka-client-2.0.3.jar;C:\Users\JAGAN BASKAR\.m2\repository\com\thoughtworks\xstream\xstream\1.4.20\xstream-1.4.20.jar;C:\Users\JAGAN BASKAR\.m2\repository\io\github\x-stream\mxparser\1.2.2\mxparser-1.2.2.jar;C:\Users\JAGAN BASKAR\.m2\repository\xmlpull\xmlpull\1.1.3.1\xmlpull-1.1.3.1.jar;C:\Users\JAGAN BASKAR\.m2\repository\com\netflix\archaius\archaius-core\0.7.6\archaius-core-0.7.6.jar;C:\Users\JAGAN BASKAR\.m2\repository\jakarta\ws\rs\jakarta.ws.rs-api\3.1.0\jakarta.ws.rs-api-3.1.0.jar;C:\Users\JAGAN BASKAR\.m2\repository\com\netflix\spectator\spectator-api\1.7.3\spectator-api-1.7.3.jar;C:\Users\JAGAN BASKAR\.m2\repository\org\apache\httpcomponents\httpclient\4.5.3\httpclient-4.5.3.jar;C:\Users\JAGAN BASKAR\.m2\repository\org\apache\httpcomponents\httpcore\4.4.16\httpcore-4.4.16.jar;C:\Users\JAGAN BASKAR\.m2\repository\commons-logging\commons-logging\1.2\commons-logging-1.2.jar;C:\Users\JAGAN BASKAR\.m2\repository\commons-codec\commons-codec\1.16.1\commons-codec-1.16.1.jar;C:\Users\JAGAN BASKAR\.m2\repository\com\google\code\findbugs\jsr305\3.0.2\jsr305-3.0.2.jar;C:\Users\JAGAN BASKAR\.m2\repository\commons-configuration\commons-configuration\1.10\commons-configuration-1.10.jar;C:\Users\JAGAN BASKAR\.m2\repository\commons-lang\commons-lang\2.6\commons-lang-2.6.jar;C:\Users\JAGAN BASKAR\.m2\repository\com\github\vlsi\compactmap\compactmap\2.0\compactmap-2.0.jar;C:\Users\JAGAN BASKAR\.m2\repository\com\github\andrewoma\dexx\dexx-collections\0.2\dexx-collections-0.2.jar;C:\Users\JAGAN BASKAR\.m2\repository\com\fasterxml\jackson\core\jackson-annotations\2.17.2\jackson-annotations-2.17.2.jar;C:\Users\JAGAN BASKAR\.m2\repository\com\fasterxml\jackson\core\jackson-core\2.17.2\jackson-core-2.17.2.jar;C:\Users\JAGAN BASKAR\.m2\repository\com\netflix\netflix-commons\netflix-eventbus\0.3.0\netflix-eventbus-0.3.0.jar;C:\Users\JAGAN BASKAR\.m2\repository\com\netflix\netflix-commons\netflix-infix\0.3.0\netflix-infix-0.3.0.jar;C:\Users\JAGAN BASKAR\.m2\repository\commons-jxpath\commons-jxpath\1.3\commons-jxpath-1.3.jar;C:\Users\JAGAN BASKAR\.m2\repository\joda-time\joda-time\2.3\joda-time-2.3.jar;C:\Users\JAGAN BASKAR\.m2\repository\javax\servlet\servlet-api\2.5\servlet-api-2.5.jar;C:\Users\JAGAN BASKAR\.m2\repository\org\antlr\antlr-runtime\3.4\antlr-runtime-3.4.jar;C:\Users\JAGAN BASKAR\.m2\repository\org\antlr\stringtemplate\3.2.1\stringtemplate-3.2.1.jar;C:\Users\JAGAN BASKAR\.m2\repository\antlr\antlr\2.7.7\antlr-2.7.7.jar;C:\Users\JAGAN BASKAR\.m2\repository\com\google\code\gson\gson\2.10.1\gson-2.10.1.jar;C:\Users\JAGAN BASKAR\.m2\repository\com\netflix\servo\servo-core\0.5.3\servo-core-0.5.3.jar;C:\Users\JAGAN BASKAR\.m2\repository\com\google\code\findbugs\annotations\2.0.0\annotations-2.0.0.jar;C:\Users\JAGAN BASKAR\.m2\repository\org\apache\commons\commons-math\2.2\commons-math-2.2.jar;C:\Users\JAGAN BASKAR\.m2\repository\javax\annotation\javax.annotation-api\1.2\javax.annotation-api-1.2.jar;C:\Users\JAGAN BASKAR\.m2\repository\org\codehaus\jettison\jettison\1.5.4\jettison-1.5.4.jar;C:\Users\JAGAN BASKAR\.m2\repository\com\netflix\eureka\eureka-core\2.0.3\eureka-core-2.0.3.jar;C:\Users\JAGAN BASKAR\.m2\repository\com\fasterxml\woodstox\woodstox-core\6.2.1\woodstox-core-6.2.1.jar;C:\Users\JAGAN BASKAR\.m2\repository\org\codehaus\woodstox\stax2-api\4.2.1\stax2-api-4.2.1.jar;C:\Users\JAGAN BASKAR\.m2\repository\com\google\guava\guava\33.0.0-jre\guava-33.0.0-jre.jar;C:\Users\JAGAN BASKAR\.m2\repository\com\google\guava\failureaccess\1.0.2\failureaccess-1.0.2.jar;C:\Users\JAGAN BASKAR\.m2\repository\com\google\guava\listenablefuture\9999.0-empty-to-avoid-conflict-with-guava\listenablefuture-9999.0-empty-to-avoid-conflict-with-guava.jar;C:\Users\JAGAN BASKAR\.m2\repository\org\checkerframework\checker-qual\3.41.0\checker-qual-3.41.0.jar;C:\Users\JAGAN BASKAR\.m2\repository\com\google\errorprone\error_prone_annotations\2.23.0\error_prone_annotations-2.23.0.jar;C:\Users\JAGAN BASKAR\.m2\repository\com\google\j2objc\j2objc-annotations\2.8\j2objc-annotations-2.8.jar;C:\Users\JAGAN BASKAR\.m2\repository\org\springframework\cloud\spring-cloud-starter-loadbalancer\4.1.4\spring-cloud-starter-loadbalancer-4.1.4.jar;C:\Users\JAGAN BASKAR\.m2\repository\org\springframework\cloud\spring-cloud-loadbalancer\4.1.4\spring-cloud-loadbalancer-4.1.4.jar;C:\Users\JAGAN BASKAR\.m2\repository\io\projectreactor\reactor-core\3.6.9\reactor-core-3.6.9.jar;C:\Users\JAGAN BASKAR\.m2\repository\org\reactivestreams\reactive-streams\1.0.4\reactive-streams-1.0.4.jar;C:\Users\JAGAN BASKAR\.m2\repository\io\projectreactor\addons\reactor-extra\3.5.2\reactor-extra-3.5.2.jar;C:\Users\JAGAN BASKAR\.m2\repository\org\springframework\boot\spring-boot-starter-cache\3.3.3\spring-boot-starter-cache-3.3.3.jar;C:\Users\JAGAN BASKAR\.m2\repository\org\springframework\spring-context-support\6.1.12\spring-context-support-6.1.12.jar;C:\Users\JAGAN BASKAR\.m2\repository\com\stoyanr\evictor\1.0.0\evictor-1.0.0.jar
Launcher Type: SUN_STANDARD

[Global flags]
     intx CICompilerCount                          = 4                                         {product} {ergonomic}
     uint ConcGCThreads                            = 3                                         {product} {ergonomic}
     uint G1ConcRefinementThreads                  = 10                                        {product} {ergonomic}
   size_t G1HeapRegionSize                         = 2097152                                   {product} {ergonomic}
    uintx GCDrainStackTargetSize                   = 64                                        {product} {ergonomic}
   size_t InitialHeapSize                          = 264241152                                 {product} {ergonomic}
     bool ManagementServer                         = true                                      {product} {command line}
   size_t MarkStackSize                            = 4194304                                   {product} {ergonomic}
   size_t MaxHeapSize                              = 4215275520                                {product} {ergonomic}
   size_t MinHeapDeltaBytes                        = 2097152                                   {product} {ergonomic}
   size_t MinHeapSize                              = 8388608                                   {product} {ergonomic}
    uintx NonNMethodCodeHeapSize                   = 4096                                   {pd product} {ergonomic}
    uintx NonProfiledCodeHeapSize                  = 0                                      {pd product} {ergonomic}
     bool ProfileInterpreter                       = false                                  {pd product} {command line}
    uintx ProfiledCodeHeapSize                     = 0                                      {pd product} {ergonomic}
   size_t SoftMaxHeapSize                          = 4215275520                             {manageable} {ergonomic}
     intx TieredStopAtLevel                        = 1                                         {product} {command line}
     bool UseCompressedOops                        = true                           {product lp64_product} {ergonomic}
     bool UseG1GC                                  = true                                      {product} {ergonomic}
     bool UseLargePagesIndividualAllocation        = false                                  {pd product} {ergonomic}

Logging:
Log output configuration:
 #0: stdout all=warning uptime,level,tags foldmultilines=false
 #1: stderr all=off uptime,level,tags foldmultilines=false

Environment Variables:
PATH=C:\Python312\Scripts\;C:\Python312\;C:\Program Files\Common Files\Oracle\Java\javapath;C:\Program Files\Eclipse Adoptium\jdk-17.0.10.7-hotspot\bin;C:\Program Files (x86)\Common Files\Intel\Shared Libraries\redist\intel64\compiler;C:\WINDOWS\system32;C:\WINDOWS;C:\WINDOWS\System32\Wbem;C:\WINDOWS\System32\WindowsPowerShell\v1.0\;C:\WINDOWS\System32\OpenSSH\;C:\Program Files\Docker\Docker\resources\bin;C:\Users\JAGAN BASKAR\Downloads\apache-maven-3.9.7\bin;C:\Program Files\Git\cmd;C:\Program Files\nodejs\;C:\ProgramData\chocolatey\bin;C:\Program Files\MySQL\MySQL Shell 8.0\bin\;C:\Users\JAGAN BASKAR\AppData\Local\Programs\Python\Python311\Scripts\;C:\Users\JAGAN BASKAR\AppData\Local\Programs\Python\Python311\;C:\Users\JAGAN BASKAR\AppData\Local\Microsoft\WindowsApps;C:\Users\JAGAN BASKAR\AppData\Local\Programs\Microsoft VS Code\bin;C:\Users\JAGAN BASKAR\AppData\Local\JetBrains\Toolbox\scripts;C:\Users\JAGAN BASKAR\AppData\Local\GitHubDesktop\bin;D:\Flutter by EMC\flutter\bin;C:\Users\JAGAN BASKAR\AppData\Roaming\npm
USERNAME=JAGAN BASKAR
OS=Windows_NT
PROCESSOR_IDENTIFIER=Intel64 Family 6 Model 154 Stepping 4, GenuineIntel
TMP=C:\Users\JAGANB~1\AppData\Local\Temp
TEMP=C:\Users\JAGANB~1\AppData\Local\Temp




Periodic native trim disabled

---------------  S Y S T E M  ---------------

OS:
 Windows 11 , 64 bit Build 22621 (10.0.22621.3958)
OS uptime: 1 days 0:50 hours
Hyper-V role detected

CPU: total 12 (initial active 12) (6 cores per cpu, 2 threads per core) family 6 model 154 stepping 4 microcode 0x424, cx8, cmov, fxsr, ht, mmx, 3dnowpref, sse, sse2, sse3, ssse3, sse4.1, sse4.2, popcnt, lzcnt, tsc, tscinvbit, avx, avx2, aes, erms, clmul, bmi1, bmi2, adx, sha, fma, vzeroupper, clflush, clflushopt, clwb, hv, serialize, rdtscp, rdpid, fsrm, f16c, cet_ibt, cet_ss
Processor Information for all 12 processors :
  Max Mhz: 1300, Current Mhz: 1300, Mhz Limit: 1300

Memory: 4k page, system-wide physical 16077M (642M free)
TotalPageFile size 27027M (AvailPageFile size 91M)
current process WorkingSet (physical memory assigned to process): 11M, peak: 11M
current process commit charge ("private bytes"): 59M, peak: 311M

vm_info: OpenJDK 64-Bit Server VM (21.0.4+7-LTS) for windows-amd64 JRE (21.0.4+7-LTS), built on 2024-07-10T17:34:29Z by "Administrator" with MS VC++ 16.10 / 16.11 (VS2019)

END.
